<?xml version="1.0" encoding="UTF-8"?>
<TestRun id="2920c184-25ac-4c84-bbbb-21f8ae79722b" name="xh.li@XIONG-ZHANG-IT 2016-01-27 09:59:07" runUser="MODERNDENTALLAB\xh.li" xmlns="http://microsoft.com/schemas/VisualStudio/TeamTest/2010">
  <TestSettings name="本地" id="fdda6114-3506-4039-8bf3-4f18a5d84891">
    <Description>这些设置为本地测试运行的默认测试设置。</Description>
    <Deployment enabled="false" runDeploymentRoot="xh.li_XIONG-ZHANG-IT 2016-01-27 09_59_07">
      <DeploymentItem filename="D:\APP-Res\MDL_CRM\MDL_CRM\bin\Debug\MDL_CRM.exe" />
      <DeploymentItem filename="D:\APP-Res\MDL_CRM\MDL_CRM\dll_files\O2S.Components.PDFRender4NET.dll" />
      <DeploymentItem filename="D:\APP-Res\MDL_CRM\MDL_CRM\dll_files\PictureView.dll" />
      <DeploymentItem filename="D:\APP-Res\MDL_CRM\MDL_CRM\dll_files\PubModel.dll" />
      <DeploymentItem filename="D:\APP-Res\MDL_CRM\MDL_CRM\dll_files\ZComm1.dll" />
    </Deployment>
    <Execution>
      <TestTypeSpecific />
      <AgentRule name="Execution Agents">
      </AgentRule>
    </Execution>
  </TestSettings>
  <Times creation="2016-01-27T09:59:07.1607730+08:00" queuing="2016-01-27T09:59:07.1857755+08:00" start="2016-01-27T09:59:07.1987768+08:00" finish="2016-01-27T09:59:07.6818251+08:00" />
  <ResultSummary outcome="Failed">
    <Counters total="1" executed="1" error="0" failed="1" timeout="0" aborted="0" inconclusive="0" passedButRunAborted="0" notRunnable="0" notExecuted="0" disconnected="0" warning="0" passed="0" completed="0" inProgress="0" pending="0" />
  </ResultSummary>
  <TestDefinitions>
    <UnitTest name="getSaleOrderTest" storage="d:\app-res\mdl_crm\mdl_crm_test\bin\debug\mdl_crm_test.dll" id="7007f76c-e770-9cbc-9658-caaa54215133">
      <Execution id="617645e2-5345-4f5d-9b23-38ba7728137c" />
      <TestMethod codeBase="D:/APP-Res/MDL_CRM/MDL_CRM_Test/bin/Debug/MDL_CRM_Test.DLL" adapterTypeName="Microsoft.VisualStudio.TestTools.TestTypes.Unit.UnitTestAdapter, Microsoft.VisualStudio.QualityTools.Tips.UnitTest.Adapter, Version=10.0.0.0, Culture=neutral, PublicKeyToken=b03f5f7f11d50a3a" className="MDL_CRM_Test.SaleOrderHelperTest, MDL_CRM_Test, Version=1.0.0.0, Culture=neutral, PublicKeyToken=null" name="getSaleOrderTest" />
    </UnitTest>
  </TestDefinitions>
  <TestLists>
    <TestList name="列表中未列出的结果" id="8c84fa94-04c1-424b-9868-57a2d4851a1d" />
    <TestList name="所有已加载的结果" id="19431567-8539-422a-85d7-44ee4e166bda" />
  </TestLists>
  <TestEntries>
    <TestEntry testId="7007f76c-e770-9cbc-9658-caaa54215133" executionId="617645e2-5345-4f5d-9b23-38ba7728137c" testListId="8c84fa94-04c1-424b-9868-57a2d4851a1d" />
  </TestEntries>
  <Results>
    <UnitTestResult executionId="617645e2-5345-4f5d-9b23-38ba7728137c" testId="7007f76c-e770-9cbc-9658-caaa54215133" testName="getSaleOrderTest" computerName="XIONG-ZHANG-IT" duration="00:00:00.2536406" startTime="2016-01-27T09:59:07.2077777+08:00" endTime="2016-01-27T09:59:07.6148184+08:00" testType="13cdc9d9-ddb5-4fa4-a97d-d965ccfc6d4b" outcome="Failed" testListId="8c84fa94-04c1-424b-9868-57a2d4851a1d" relativeResultsDirectory="617645e2-5345-4f5d-9b23-38ba7728137c">
      <Output>
        <ErrorInfo>
          <Message>Assert.AreEqual 失败。应为: &lt;35&gt;，实际为: &lt;37&gt;。</Message>
          <StackTrace>   在 MDL_CRM_Test.SaleOrderHelperTest.getSaleOrderTest() 位置 D:\APP-Res\MDL_CRM\MDL_CRM_Test\SaleOrderHelperTest.cs:行号 81
</StackTrace>
        </ErrorInfo>
      </Output>
    </UnitTestResult>
  </Results>
</TestRun>